[0.516s] DEBUG:colcon:Command line arguments: ['/usr/bin/colcon', 'build', '--packages-select', 'cyton_ros2_gazebo']
[0.516s] DEBUG:colcon:Parsed command line arguments: Namespace(log_base=None, log_level=None, verb_name='build', build_base='build', install_base='install', merge_install=False, symlink_install=False, test_result_base=None, continue_on_error=False, executor='parallel', parallel_workers=8, event_handlers=None, ignore_user_meta=False, metas=['./colcon.meta'], base_paths=['.'], packages_ignore=None, packages_ignore_regex=None, paths=None, packages_up_to=None, packages_up_to_regex=None, packages_above=None, packages_above_and_dependencies=None, packages_above_depth=None, packages_select_by_dep=None, packages_skip_by_dep=None, packages_skip_up_to=None, packages_select_build_failed=False, packages_skip_build_finished=False, packages_select_test_failures=False, packages_skip_test_passed=False, packages_select=['cyton_ros2_gazebo'], packages_skip=None, packages_select_regex=None, packages_skip_regex=None, packages_start=None, packages_end=None, cmake_args=None, cmake_target=None, cmake_target_skip_unavailable=False, cmake_clean_cache=False, cmake_clean_first=False, cmake_force_configure=False, ament_cmake_args=None, catkin_cmake_args=None, catkin_skip_building_tests=False, mixin_files=None, mixin=None, verb_parser=<colcon_mixin.mixin.mixin_argument.MixinArgumentDecorator object at 0x7f43bc051840>, verb_extension=<colcon_core.verb.build.BuildVerb object at 0x7f43bc823cd0>, main=<bound method BuildVerb.main of <colcon_core.verb.build.BuildVerb object at 0x7f43bc823cd0>>, mixin_verb=('build',))
[0.592s] Level 1:colcon.colcon_core.package_discovery:discover_packages(colcon_meta) check parameters
[0.597s] INFO:colcon.colcon_metadata.package_discovery.colcon_meta:Using configuration from '/root/.colcon/metadata/default/Gazebo.meta'
[0.597s] INFO:colcon.colcon_metadata.package_discovery.colcon_meta:Using configuration from '/root/.colcon/metadata/default/fastrtps.meta'
[0.598s] Level 1:colcon.colcon_core.package_discovery:discover_packages(recursive) check parameters
[0.598s] Level 1:colcon.colcon_core.package_discovery:discover_packages(ignore) check parameters
[0.598s] Level 1:colcon.colcon_core.package_discovery:discover_packages(path) check parameters
[0.598s] Level 1:colcon.colcon_core.package_discovery:discover_packages(colcon_meta) discover
[0.598s] Level 1:colcon.colcon_core.package_discovery:discover_packages(recursive) discover
[0.598s] INFO:colcon.colcon_core.package_discovery:Crawling recursively for packages in '/source_code/src/ros2_RobotSimulation'
[0.598s] Level 1:colcon.colcon_core.package_identification:_identify(.) by extensions ['ignore', 'ignore_ament_install']
[0.598s] Level 1:colcon.colcon_core.package_identification:_identify(.) by extension 'ignore'
[0.598s] Level 1:colcon.colcon_core.package_identification:_identify(.) by extension 'ignore_ament_install'
[0.598s] Level 1:colcon.colcon_core.package_identification:_identify(.) by extensions ['colcon_pkg']
[0.598s] Level 1:colcon.colcon_core.package_identification:_identify(.) by extension 'colcon_pkg'
[0.598s] Level 1:colcon.colcon_core.package_identification:_identify(.) by extensions ['colcon_meta']
[0.598s] Level 1:colcon.colcon_core.package_identification:_identify(.) by extension 'colcon_meta'
[0.598s] Level 1:colcon.colcon_core.package_identification:_identify(.) by extensions ['ros']
[0.598s] Level 1:colcon.colcon_core.package_identification:_identify(.) by extension 'ros'
[0.615s] Level 1:colcon.colcon_core.package_identification:_identify(.) by extensions ['cmake', 'python']
[0.615s] Level 1:colcon.colcon_core.package_identification:_identify(.) by extension 'cmake'
[0.615s] Level 1:colcon.colcon_core.package_identification:_identify(.) by extension 'python'
[0.615s] Level 1:colcon.colcon_core.package_identification:_identify(.) by extensions ['python_setup_py']
[0.615s] Level 1:colcon.colcon_core.package_identification:_identify(.) by extension 'python_setup_py'
[0.615s] Level 1:colcon.colcon_core.package_identification:_identify(Cyton) by extensions ['ignore', 'ignore_ament_install']
[0.615s] Level 1:colcon.colcon_core.package_identification:_identify(Cyton) by extension 'ignore'
[0.616s] Level 1:colcon.colcon_core.package_identification:_identify(Cyton) by extension 'ignore_ament_install'
[0.616s] Level 1:colcon.colcon_core.package_identification:_identify(Cyton) by extensions ['colcon_pkg']
[0.616s] Level 1:colcon.colcon_core.package_identification:_identify(Cyton) by extension 'colcon_pkg'
[0.616s] Level 1:colcon.colcon_core.package_identification:_identify(Cyton) by extensions ['colcon_meta']
[0.616s] Level 1:colcon.colcon_core.package_identification:_identify(Cyton) by extension 'colcon_meta'
[0.616s] Level 1:colcon.colcon_core.package_identification:_identify(Cyton) by extensions ['ros']
[0.616s] Level 1:colcon.colcon_core.package_identification:_identify(Cyton) by extension 'ros'
[0.616s] Level 1:colcon.colcon_core.package_identification:_identify(Cyton) by extensions ['cmake', 'python']
[0.616s] Level 1:colcon.colcon_core.package_identification:_identify(Cyton) by extension 'cmake'
[0.616s] Level 1:colcon.colcon_core.package_identification:_identify(Cyton) by extension 'python'
[0.616s] Level 1:colcon.colcon_core.package_identification:_identify(Cyton) by extensions ['python_setup_py']
[0.616s] Level 1:colcon.colcon_core.package_identification:_identify(Cyton) by extension 'python_setup_py'
[0.616s] Level 1:colcon.colcon_core.package_identification:_identify(Cyton/cyton_gamma_300_controllers) by extensions ['ignore', 'ignore_ament_install']
[0.616s] Level 1:colcon.colcon_core.package_identification:_identify(Cyton/cyton_gamma_300_controllers) by extension 'ignore'
[0.616s] Level 1:colcon.colcon_core.package_identification:_identify(Cyton/cyton_gamma_300_controllers) by extension 'ignore_ament_install'
[0.616s] Level 1:colcon.colcon_core.package_identification:_identify(Cyton/cyton_gamma_300_controllers) by extensions ['colcon_pkg']
[0.616s] Level 1:colcon.colcon_core.package_identification:_identify(Cyton/cyton_gamma_300_controllers) by extension 'colcon_pkg'
[0.617s] Level 1:colcon.colcon_core.package_identification:_identify(Cyton/cyton_gamma_300_controllers) by extensions ['colcon_meta']
[0.617s] Level 1:colcon.colcon_core.package_identification:_identify(Cyton/cyton_gamma_300_controllers) by extension 'colcon_meta'
[0.617s] Level 1:colcon.colcon_core.package_identification:_identify(Cyton/cyton_gamma_300_controllers) by extensions ['ros']
[0.617s] Level 1:colcon.colcon_core.package_identification:_identify(Cyton/cyton_gamma_300_controllers) by extension 'ros'
[0.622s] DEBUG:colcon.colcon_core.package_identification:Package 'Cyton/cyton_gamma_300_controllers' with type 'ros.ament_cmake' and name 'cyton_gamma_300_controllers'
[0.622s] Level 1:colcon.colcon_core.package_identification:_identify(Cyton/cyton_ros2_gazebo) by extensions ['ignore', 'ignore_ament_install']
[0.622s] Level 1:colcon.colcon_core.package_identification:_identify(Cyton/cyton_ros2_gazebo) by extension 'ignore'
[0.622s] Level 1:colcon.colcon_core.package_identification:_identify(Cyton/cyton_ros2_gazebo) by extension 'ignore_ament_install'
[0.622s] Level 1:colcon.colcon_core.package_identification:_identify(Cyton/cyton_ros2_gazebo) by extensions ['colcon_pkg']
[0.622s] Level 1:colcon.colcon_core.package_identification:_identify(Cyton/cyton_ros2_gazebo) by extension 'colcon_pkg'
[0.622s] Level 1:colcon.colcon_core.package_identification:_identify(Cyton/cyton_ros2_gazebo) by extensions ['colcon_meta']
[0.622s] Level 1:colcon.colcon_core.package_identification:_identify(Cyton/cyton_ros2_gazebo) by extension 'colcon_meta'
[0.622s] Level 1:colcon.colcon_core.package_identification:_identify(Cyton/cyton_ros2_gazebo) by extensions ['ros']
[0.622s] Level 1:colcon.colcon_core.package_identification:_identify(Cyton/cyton_ros2_gazebo) by extension 'ros'
[0.623s] DEBUG:colcon.colcon_core.package_identification:Package 'Cyton/cyton_ros2_gazebo' with type 'ros.ament_cmake' and name 'cyton_ros2_gazebo'
[0.623s] Level 1:colcon.colcon_core.package_identification:_identify(Cyton/dynamixel_controller) by extensions ['ignore', 'ignore_ament_install']
[0.623s] Level 1:colcon.colcon_core.package_identification:_identify(Cyton/dynamixel_controller) by extension 'ignore'
[0.623s] Level 1:colcon.colcon_core.package_identification:_identify(Cyton/dynamixel_controller) by extension 'ignore_ament_install'
[0.623s] Level 1:colcon.colcon_core.package_identification:_identify(Cyton/dynamixel_controller) by extensions ['colcon_pkg']
[0.623s] Level 1:colcon.colcon_core.package_identification:_identify(Cyton/dynamixel_controller) by extension 'colcon_pkg'
[0.623s] Level 1:colcon.colcon_core.package_identification:_identify(Cyton/dynamixel_controller) by extensions ['colcon_meta']
[0.623s] Level 1:colcon.colcon_core.package_identification:_identify(Cyton/dynamixel_controller) by extension 'colcon_meta'
[0.623s] Level 1:colcon.colcon_core.package_identification:_identify(Cyton/dynamixel_controller) by extensions ['ros']
[0.623s] Level 1:colcon.colcon_core.package_identification:_identify(Cyton/dynamixel_controller) by extension 'ros'
[0.623s] Level 1:colcon.colcon_core.package_identification:_identify(Cyton/dynamixel_controller) by extensions ['cmake', 'python']
[0.623s] Level 1:colcon.colcon_core.package_identification:_identify(Cyton/dynamixel_controller) by extension 'cmake'
[0.623s] Level 1:colcon.colcon_core.package_identification:_identify(Cyton/dynamixel_controller) by extension 'python'
[0.623s] Level 1:colcon.colcon_core.package_identification:_identify(Cyton/dynamixel_controller) by extensions ['python_setup_py']
[0.623s] Level 1:colcon.colcon_core.package_identification:_identify(Cyton/dynamixel_controller) by extension 'python_setup_py'
[0.624s] Level 1:colcon.colcon_core.package_identification:_identify(Cyton/dynamixel_controller/dynamixel-workbench) by extensions ['ignore', 'ignore_ament_install']
[0.624s] Level 1:colcon.colcon_core.package_identification:_identify(Cyton/dynamixel_controller/dynamixel-workbench) by extension 'ignore'
[0.624s] Level 1:colcon.colcon_core.package_identification:_identify(Cyton/dynamixel_controller/dynamixel-workbench) by extension 'ignore_ament_install'
[0.624s] Level 1:colcon.colcon_core.package_identification:_identify(Cyton/dynamixel_controller/dynamixel-workbench) by extensions ['colcon_pkg']
[0.624s] Level 1:colcon.colcon_core.package_identification:_identify(Cyton/dynamixel_controller/dynamixel-workbench) by extension 'colcon_pkg'
[0.624s] Level 1:colcon.colcon_core.package_identification:_identify(Cyton/dynamixel_controller/dynamixel-workbench) by extensions ['colcon_meta']
[0.624s] Level 1:colcon.colcon_core.package_identification:_identify(Cyton/dynamixel_controller/dynamixel-workbench) by extension 'colcon_meta'
[0.624s] Level 1:colcon.colcon_core.package_identification:_identify(Cyton/dynamixel_controller/dynamixel-workbench) by extensions ['ros']
[0.624s] Level 1:colcon.colcon_core.package_identification:_identify(Cyton/dynamixel_controller/dynamixel-workbench) by extension 'ros'
[0.624s] Level 1:colcon.colcon_core.package_identification:_identify(Cyton/dynamixel_controller/dynamixel-workbench) by extensions ['cmake', 'python']
[0.624s] Level 1:colcon.colcon_core.package_identification:_identify(Cyton/dynamixel_controller/dynamixel-workbench) by extension 'cmake'
[0.624s] Level 1:colcon.colcon_core.package_identification:_identify(Cyton/dynamixel_controller/dynamixel-workbench) by extension 'python'
[0.624s] Level 1:colcon.colcon_core.package_identification:_identify(Cyton/dynamixel_controller/dynamixel-workbench) by extensions ['python_setup_py']
[0.624s] Level 1:colcon.colcon_core.package_identification:_identify(Cyton/dynamixel_controller/dynamixel-workbench) by extension 'python_setup_py'
[0.624s] Level 1:colcon.colcon_core.package_identification:_identify(Cyton/dynamixel_controller/dynamixel-workbench/dynamixel_workbench) by extensions ['ignore', 'ignore_ament_install']
[0.624s] Level 1:colcon.colcon_core.package_identification:_identify(Cyton/dynamixel_controller/dynamixel-workbench/dynamixel_workbench) by extension 'ignore'
[0.624s] Level 1:colcon.colcon_core.package_identification:_identify(Cyton/dynamixel_controller/dynamixel-workbench/dynamixel_workbench) by extension 'ignore_ament_install'
[0.625s] Level 1:colcon.colcon_core.package_identification:_identify(Cyton/dynamixel_controller/dynamixel-workbench/dynamixel_workbench) by extensions ['colcon_pkg']
[0.625s] Level 1:colcon.colcon_core.package_identification:_identify(Cyton/dynamixel_controller/dynamixel-workbench/dynamixel_workbench) by extension 'colcon_pkg'
[0.625s] Level 1:colcon.colcon_core.package_identification:_identify(Cyton/dynamixel_controller/dynamixel-workbench/dynamixel_workbench) by extensions ['colcon_meta']
[0.625s] Level 1:colcon.colcon_core.package_identification:_identify(Cyton/dynamixel_controller/dynamixel-workbench/dynamixel_workbench) by extension 'colcon_meta'
[0.625s] Level 1:colcon.colcon_core.package_identification:_identify(Cyton/dynamixel_controller/dynamixel-workbench/dynamixel_workbench) by extensions ['ros']
[0.625s] Level 1:colcon.colcon_core.package_identification:_identify(Cyton/dynamixel_controller/dynamixel-workbench/dynamixel_workbench) by extension 'ros'
[0.625s] DEBUG:colcon.colcon_core.package_identification:Package 'Cyton/dynamixel_controller/dynamixel-workbench/dynamixel_workbench' with type 'ros.ament_cmake' and name 'dynamixel_workbench'
[0.626s] Level 1:colcon.colcon_core.package_identification:_identify(Cyton/dynamixel_controller/dynamixel-workbench/dynamixel_workbench_toolbox) by extensions ['ignore', 'ignore_ament_install']
[0.626s] Level 1:colcon.colcon_core.package_identification:_identify(Cyton/dynamixel_controller/dynamixel-workbench/dynamixel_workbench_toolbox) by extension 'ignore'
[0.626s] Level 1:colcon.colcon_core.package_identification:_identify(Cyton/dynamixel_controller/dynamixel-workbench/dynamixel_workbench_toolbox) by extension 'ignore_ament_install'
[0.626s] Level 1:colcon.colcon_core.package_identification:_identify(Cyton/dynamixel_controller/dynamixel-workbench/dynamixel_workbench_toolbox) by extensions ['colcon_pkg']
[0.626s] Level 1:colcon.colcon_core.package_identification:_identify(Cyton/dynamixel_controller/dynamixel-workbench/dynamixel_workbench_toolbox) by extension 'colcon_pkg'
[0.626s] Level 1:colcon.colcon_core.package_identification:_identify(Cyton/dynamixel_controller/dynamixel-workbench/dynamixel_workbench_toolbox) by extensions ['colcon_meta']
[0.626s] Level 1:colcon.colcon_core.package_identification:_identify(Cyton/dynamixel_controller/dynamixel-workbench/dynamixel_workbench_toolbox) by extension 'colcon_meta'
[0.626s] Level 1:colcon.colcon_core.package_identification:_identify(Cyton/dynamixel_controller/dynamixel-workbench/dynamixel_workbench_toolbox) by extensions ['ros']
[0.626s] Level 1:colcon.colcon_core.package_identification:_identify(Cyton/dynamixel_controller/dynamixel-workbench/dynamixel_workbench_toolbox) by extension 'ros'
[0.627s] DEBUG:colcon.colcon_core.package_identification:Package 'Cyton/dynamixel_controller/dynamixel-workbench/dynamixel_workbench_toolbox' with type 'ros.ament_cmake' and name 'dynamixel_workbench_toolbox'
[0.627s] Level 1:colcon.colcon_core.package_identification:_identify(Cyton/dynamixel_controller/dynamixel-workbench-msgs) by extensions ['ignore', 'ignore_ament_install']
[0.627s] Level 1:colcon.colcon_core.package_identification:_identify(Cyton/dynamixel_controller/dynamixel-workbench-msgs) by extension 'ignore'
[0.627s] Level 1:colcon.colcon_core.package_identification:_identify(Cyton/dynamixel_controller/dynamixel-workbench-msgs) by extension 'ignore_ament_install'
[0.627s] Level 1:colcon.colcon_core.package_identification:_identify(Cyton/dynamixel_controller/dynamixel-workbench-msgs) by extensions ['colcon_pkg']
[0.627s] Level 1:colcon.colcon_core.package_identification:_identify(Cyton/dynamixel_controller/dynamixel-workbench-msgs) by extension 'colcon_pkg'
[0.627s] Level 1:colcon.colcon_core.package_identification:_identify(Cyton/dynamixel_controller/dynamixel-workbench-msgs) by extensions ['colcon_meta']
[0.627s] Level 1:colcon.colcon_core.package_identification:_identify(Cyton/dynamixel_controller/dynamixel-workbench-msgs) by extension 'colcon_meta'
[0.627s] Level 1:colcon.colcon_core.package_identification:_identify(Cyton/dynamixel_controller/dynamixel-workbench-msgs) by extensions ['ros']
[0.628s] Level 1:colcon.colcon_core.package_identification:_identify(Cyton/dynamixel_controller/dynamixel-workbench-msgs) by extension 'ros'
[0.628s] Level 1:colcon.colcon_core.package_identification:_identify(Cyton/dynamixel_controller/dynamixel-workbench-msgs) by extensions ['cmake', 'python']
[0.628s] Level 1:colcon.colcon_core.package_identification:_identify(Cyton/dynamixel_controller/dynamixel-workbench-msgs) by extension 'cmake'
[0.628s] Level 1:colcon.colcon_core.package_identification:_identify(Cyton/dynamixel_controller/dynamixel-workbench-msgs) by extension 'python'
[0.628s] Level 1:colcon.colcon_core.package_identification:_identify(Cyton/dynamixel_controller/dynamixel-workbench-msgs) by extensions ['python_setup_py']
[0.628s] Level 1:colcon.colcon_core.package_identification:_identify(Cyton/dynamixel_controller/dynamixel-workbench-msgs) by extension 'python_setup_py'
[0.628s] Level 1:colcon.colcon_core.package_identification:_identify(Cyton/dynamixel_controller/dynamixel-workbench-msgs/dynamixel_workbench_msgs) by extensions ['ignore', 'ignore_ament_install']
[0.628s] Level 1:colcon.colcon_core.package_identification:_identify(Cyton/dynamixel_controller/dynamixel-workbench-msgs/dynamixel_workbench_msgs) by extension 'ignore'
[0.628s] Level 1:colcon.colcon_core.package_identification:_identify(Cyton/dynamixel_controller/dynamixel-workbench-msgs/dynamixel_workbench_msgs) by extension 'ignore_ament_install'
[0.628s] Level 1:colcon.colcon_core.package_identification:_identify(Cyton/dynamixel_controller/dynamixel-workbench-msgs/dynamixel_workbench_msgs) by extensions ['colcon_pkg']
[0.628s] Level 1:colcon.colcon_core.package_identification:_identify(Cyton/dynamixel_controller/dynamixel-workbench-msgs/dynamixel_workbench_msgs) by extension 'colcon_pkg'
[0.628s] Level 1:colcon.colcon_core.package_identification:_identify(Cyton/dynamixel_controller/dynamixel-workbench-msgs/dynamixel_workbench_msgs) by extensions ['colcon_meta']
[0.628s] Level 1:colcon.colcon_core.package_identification:_identify(Cyton/dynamixel_controller/dynamixel-workbench-msgs/dynamixel_workbench_msgs) by extension 'colcon_meta'
[0.628s] Level 1:colcon.colcon_core.package_identification:_identify(Cyton/dynamixel_controller/dynamixel-workbench-msgs/dynamixel_workbench_msgs) by extensions ['ros']
[0.628s] Level 1:colcon.colcon_core.package_identification:_identify(Cyton/dynamixel_controller/dynamixel-workbench-msgs/dynamixel_workbench_msgs) by extension 'ros'
[0.629s] DEBUG:colcon.colcon_core.package_identification:Package 'Cyton/dynamixel_controller/dynamixel-workbench-msgs/dynamixel_workbench_msgs' with type 'ros.ament_cmake' and name 'dynamixel_workbench_msgs'
[0.629s] Level 1:colcon.colcon_core.package_identification:_identify(Cyton/dynamixel_controller/dynamixel_hardware) by extensions ['ignore', 'ignore_ament_install']
[0.629s] Level 1:colcon.colcon_core.package_identification:_identify(Cyton/dynamixel_controller/dynamixel_hardware) by extension 'ignore'
[0.629s] Level 1:colcon.colcon_core.package_identification:_identify(Cyton/dynamixel_controller/dynamixel_hardware) by extension 'ignore_ament_install'
[0.629s] Level 1:colcon.colcon_core.package_identification:_identify(Cyton/dynamixel_controller/dynamixel_hardware) by extensions ['colcon_pkg']
[0.629s] Level 1:colcon.colcon_core.package_identification:_identify(Cyton/dynamixel_controller/dynamixel_hardware) by extension 'colcon_pkg'
[0.630s] Level 1:colcon.colcon_core.package_identification:_identify(Cyton/dynamixel_controller/dynamixel_hardware) by extensions ['colcon_meta']
[0.630s] Level 1:colcon.colcon_core.package_identification:_identify(Cyton/dynamixel_controller/dynamixel_hardware) by extension 'colcon_meta'
[0.630s] Level 1:colcon.colcon_core.package_identification:_identify(Cyton/dynamixel_controller/dynamixel_hardware) by extensions ['ros']
[0.630s] Level 1:colcon.colcon_core.package_identification:_identify(Cyton/dynamixel_controller/dynamixel_hardware) by extension 'ros'
[0.631s] DEBUG:colcon.colcon_core.package_identification:Package 'Cyton/dynamixel_controller/dynamixel_hardware' with type 'ros.ament_cmake' and name 'dynamixel_hardware'
[0.631s] Level 1:colcon.colcon_core.package_identification:_identify(PandaRobot) by extensions ['ignore', 'ignore_ament_install']
[0.631s] Level 1:colcon.colcon_core.package_identification:_identify(PandaRobot) by extension 'ignore'
[0.631s] Level 1:colcon.colcon_core.package_identification:_identify(PandaRobot) by extension 'ignore_ament_install'
[0.631s] Level 1:colcon.colcon_core.package_identification:_identify(PandaRobot) by extensions ['colcon_pkg']
[0.631s] Level 1:colcon.colcon_core.package_identification:_identify(PandaRobot) by extension 'colcon_pkg'
[0.631s] Level 1:colcon.colcon_core.package_identification:_identify(PandaRobot) by extensions ['colcon_meta']
[0.631s] Level 1:colcon.colcon_core.package_identification:_identify(PandaRobot) by extension 'colcon_meta'
[0.631s] Level 1:colcon.colcon_core.package_identification:_identify(PandaRobot) by extensions ['ros']
[0.631s] Level 1:colcon.colcon_core.package_identification:_identify(PandaRobot) by extension 'ros'
[0.631s] Level 1:colcon.colcon_core.package_identification:_identify(PandaRobot) by extensions ['cmake', 'python']
[0.631s] Level 1:colcon.colcon_core.package_identification:_identify(PandaRobot) by extension 'cmake'
[0.631s] Level 1:colcon.colcon_core.package_identification:_identify(PandaRobot) by extension 'python'
[0.631s] Level 1:colcon.colcon_core.package_identification:_identify(PandaRobot) by extensions ['python_setup_py']
[0.631s] Level 1:colcon.colcon_core.package_identification:_identify(PandaRobot) by extension 'python_setup_py'
[0.631s] Level 1:colcon.colcon_core.package_identification:_identify(PandaRobot/panda_ros2_gazebo) by extensions ['ignore', 'ignore_ament_install']
[0.632s] Level 1:colcon.colcon_core.package_identification:_identify(PandaRobot/panda_ros2_gazebo) by extension 'ignore'
[0.632s] Level 1:colcon.colcon_core.package_identification:_identify(PandaRobot/panda_ros2_gazebo) by extension 'ignore_ament_install'
[0.632s] Level 1:colcon.colcon_core.package_identification:_identify(PandaRobot/panda_ros2_gazebo) by extensions ['colcon_pkg']
[0.632s] Level 1:colcon.colcon_core.package_identification:_identify(PandaRobot/panda_ros2_gazebo) by extension 'colcon_pkg'
[0.632s] Level 1:colcon.colcon_core.package_identification:_identify(PandaRobot/panda_ros2_gazebo) by extensions ['colcon_meta']
[0.632s] Level 1:colcon.colcon_core.package_identification:_identify(PandaRobot/panda_ros2_gazebo) by extension 'colcon_meta'
[0.632s] Level 1:colcon.colcon_core.package_identification:_identify(PandaRobot/panda_ros2_gazebo) by extensions ['ros']
[0.632s] Level 1:colcon.colcon_core.package_identification:_identify(PandaRobot/panda_ros2_gazebo) by extension 'ros'
[0.633s] DEBUG:colcon.colcon_core.package_identification:Package 'PandaRobot/panda_ros2_gazebo' with type 'ros.ament_cmake' and name 'panda_ros2_gazebo'
[0.633s] Level 1:colcon.colcon_core.package_identification:_identify(PandaRobot/panda_ros2_moveit2) by extensions ['ignore', 'ignore_ament_install']
[0.633s] Level 1:colcon.colcon_core.package_identification:_identify(PandaRobot/panda_ros2_moveit2) by extension 'ignore'
[0.633s] Level 1:colcon.colcon_core.package_identification:_identify(PandaRobot/panda_ros2_moveit2) by extension 'ignore_ament_install'
[0.633s] Level 1:colcon.colcon_core.package_identification:_identify(PandaRobot/panda_ros2_moveit2) by extensions ['colcon_pkg']
[0.633s] Level 1:colcon.colcon_core.package_identification:_identify(PandaRobot/panda_ros2_moveit2) by extension 'colcon_pkg'
[0.633s] Level 1:colcon.colcon_core.package_identification:_identify(PandaRobot/panda_ros2_moveit2) by extensions ['colcon_meta']
[0.633s] Level 1:colcon.colcon_core.package_identification:_identify(PandaRobot/panda_ros2_moveit2) by extension 'colcon_meta'
[0.633s] Level 1:colcon.colcon_core.package_identification:_identify(PandaRobot/panda_ros2_moveit2) by extensions ['ros']
[0.633s] Level 1:colcon.colcon_core.package_identification:_identify(PandaRobot/panda_ros2_moveit2) by extension 'ros'
[0.634s] DEBUG:colcon.colcon_core.package_identification:Package 'PandaRobot/panda_ros2_moveit2' with type 'ros.ament_cmake' and name 'panda_ros2_moveit2'
[0.634s] Level 1:colcon.colcon_core.package_identification:_identify(UniversalRobots) by extensions ['ignore', 'ignore_ament_install']
[0.634s] Level 1:colcon.colcon_core.package_identification:_identify(UniversalRobots) by extension 'ignore'
[0.634s] Level 1:colcon.colcon_core.package_identification:_identify(UniversalRobots) by extension 'ignore_ament_install'
[0.634s] Level 1:colcon.colcon_core.package_identification:_identify(UniversalRobots) by extensions ['colcon_pkg']
[0.634s] Level 1:colcon.colcon_core.package_identification:_identify(UniversalRobots) by extension 'colcon_pkg'
[0.634s] Level 1:colcon.colcon_core.package_identification:_identify(UniversalRobots) by extensions ['colcon_meta']
[0.634s] Level 1:colcon.colcon_core.package_identification:_identify(UniversalRobots) by extension 'colcon_meta'
[0.635s] Level 1:colcon.colcon_core.package_identification:_identify(UniversalRobots) by extensions ['ros']
[0.635s] Level 1:colcon.colcon_core.package_identification:_identify(UniversalRobots) by extension 'ros'
[0.635s] Level 1:colcon.colcon_core.package_identification:_identify(UniversalRobots) by extensions ['cmake', 'python']
[0.635s] Level 1:colcon.colcon_core.package_identification:_identify(UniversalRobots) by extension 'cmake'
[0.635s] Level 1:colcon.colcon_core.package_identification:_identify(UniversalRobots) by extension 'python'
[0.635s] Level 1:colcon.colcon_core.package_identification:_identify(UniversalRobots) by extensions ['python_setup_py']
[0.635s] Level 1:colcon.colcon_core.package_identification:_identify(UniversalRobots) by extension 'python_setup_py'
[0.635s] Level 1:colcon.colcon_core.package_identification:_identify(UniversalRobots/UR10) by extensions ['ignore', 'ignore_ament_install']
[0.635s] Level 1:colcon.colcon_core.package_identification:_identify(UniversalRobots/UR10) by extension 'ignore'
[0.635s] Level 1:colcon.colcon_core.package_identification:_identify(UniversalRobots/UR10) by extension 'ignore_ament_install'
[0.635s] Level 1:colcon.colcon_core.package_identification:_identify(UniversalRobots/UR10) by extensions ['colcon_pkg']
[0.635s] Level 1:colcon.colcon_core.package_identification:_identify(UniversalRobots/UR10) by extension 'colcon_pkg'
[0.635s] Level 1:colcon.colcon_core.package_identification:_identify(UniversalRobots/UR10) by extensions ['colcon_meta']
[0.635s] Level 1:colcon.colcon_core.package_identification:_identify(UniversalRobots/UR10) by extension 'colcon_meta'
[0.635s] Level 1:colcon.colcon_core.package_identification:_identify(UniversalRobots/UR10) by extensions ['ros']
[0.635s] Level 1:colcon.colcon_core.package_identification:_identify(UniversalRobots/UR10) by extension 'ros'
[0.635s] Level 1:colcon.colcon_core.package_identification:_identify(UniversalRobots/UR10) by extensions ['cmake', 'python']
[0.635s] Level 1:colcon.colcon_core.package_identification:_identify(UniversalRobots/UR10) by extension 'cmake'
[0.635s] Level 1:colcon.colcon_core.package_identification:_identify(UniversalRobots/UR10) by extension 'python'
[0.636s] Level 1:colcon.colcon_core.package_identification:_identify(UniversalRobots/UR10) by extensions ['python_setup_py']
[0.636s] Level 1:colcon.colcon_core.package_identification:_identify(UniversalRobots/UR10) by extension 'python_setup_py'
[0.636s] Level 1:colcon.colcon_core.package_identification:_identify(UniversalRobots/UR10/ur10_ros2_gazebo) by extensions ['ignore', 'ignore_ament_install']
[0.636s] Level 1:colcon.colcon_core.package_identification:_identify(UniversalRobots/UR10/ur10_ros2_gazebo) by extension 'ignore'
[0.636s] Level 1:colcon.colcon_core.package_identification:_identify(UniversalRobots/UR10/ur10_ros2_gazebo) by extension 'ignore_ament_install'
[0.636s] Level 1:colcon.colcon_core.package_identification:_identify(UniversalRobots/UR10/ur10_ros2_gazebo) by extensions ['colcon_pkg']
[0.636s] Level 1:colcon.colcon_core.package_identification:_identify(UniversalRobots/UR10/ur10_ros2_gazebo) by extension 'colcon_pkg'
[0.636s] Level 1:colcon.colcon_core.package_identification:_identify(UniversalRobots/UR10/ur10_ros2_gazebo) by extensions ['colcon_meta']
[0.636s] Level 1:colcon.colcon_core.package_identification:_identify(UniversalRobots/UR10/ur10_ros2_gazebo) by extension 'colcon_meta'
[0.636s] Level 1:colcon.colcon_core.package_identification:_identify(UniversalRobots/UR10/ur10_ros2_gazebo) by extensions ['ros']
[0.636s] Level 1:colcon.colcon_core.package_identification:_identify(UniversalRobots/UR10/ur10_ros2_gazebo) by extension 'ros'
[0.637s] DEBUG:colcon.colcon_core.package_identification:Package 'UniversalRobots/UR10/ur10_ros2_gazebo' with type 'ros.ament_cmake' and name 'ur10_ros2_gazebo'
[0.637s] Level 1:colcon.colcon_core.package_identification:_identify(UniversalRobots/UR10/ur10_ros2_moveit2) by extensions ['ignore', 'ignore_ament_install']
[0.637s] Level 1:colcon.colcon_core.package_identification:_identify(UniversalRobots/UR10/ur10_ros2_moveit2) by extension 'ignore'
[0.637s] Level 1:colcon.colcon_core.package_identification:_identify(UniversalRobots/UR10/ur10_ros2_moveit2) by extension 'ignore_ament_install'
[0.637s] Level 1:colcon.colcon_core.package_identification:_identify(UniversalRobots/UR10/ur10_ros2_moveit2) by extensions ['colcon_pkg']
[0.637s] Level 1:colcon.colcon_core.package_identification:_identify(UniversalRobots/UR10/ur10_ros2_moveit2) by extension 'colcon_pkg'
[0.637s] Level 1:colcon.colcon_core.package_identification:_identify(UniversalRobots/UR10/ur10_ros2_moveit2) by extensions ['colcon_meta']
[0.637s] Level 1:colcon.colcon_core.package_identification:_identify(UniversalRobots/UR10/ur10_ros2_moveit2) by extension 'colcon_meta'
[0.637s] Level 1:colcon.colcon_core.package_identification:_identify(UniversalRobots/UR10/ur10_ros2_moveit2) by extensions ['ros']
[0.637s] Level 1:colcon.colcon_core.package_identification:_identify(UniversalRobots/UR10/ur10_ros2_moveit2) by extension 'ros'
[0.638s] DEBUG:colcon.colcon_core.package_identification:Package 'UniversalRobots/UR10/ur10_ros2_moveit2' with type 'ros.ament_cmake' and name 'ur10_ros2_moveit2'
[0.638s] Level 1:colcon.colcon_core.package_identification:_identify(UniversalRobots/UR3) by extensions ['ignore', 'ignore_ament_install']
[0.638s] Level 1:colcon.colcon_core.package_identification:_identify(UniversalRobots/UR3) by extension 'ignore'
[0.638s] Level 1:colcon.colcon_core.package_identification:_identify(UniversalRobots/UR3) by extension 'ignore_ament_install'
[0.638s] Level 1:colcon.colcon_core.package_identification:_identify(UniversalRobots/UR3) by extensions ['colcon_pkg']
[0.638s] Level 1:colcon.colcon_core.package_identification:_identify(UniversalRobots/UR3) by extension 'colcon_pkg'
[0.638s] Level 1:colcon.colcon_core.package_identification:_identify(UniversalRobots/UR3) by extensions ['colcon_meta']
[0.639s] Level 1:colcon.colcon_core.package_identification:_identify(UniversalRobots/UR3) by extension 'colcon_meta'
[0.639s] Level 1:colcon.colcon_core.package_identification:_identify(UniversalRobots/UR3) by extensions ['ros']
[0.639s] Level 1:colcon.colcon_core.package_identification:_identify(UniversalRobots/UR3) by extension 'ros'
[0.639s] Level 1:colcon.colcon_core.package_identification:_identify(UniversalRobots/UR3) by extensions ['cmake', 'python']
[0.639s] Level 1:colcon.colcon_core.package_identification:_identify(UniversalRobots/UR3) by extension 'cmake'
[0.639s] Level 1:colcon.colcon_core.package_identification:_identify(UniversalRobots/UR3) by extension 'python'
[0.639s] Level 1:colcon.colcon_core.package_identification:_identify(UniversalRobots/UR3) by extensions ['python_setup_py']
[0.639s] Level 1:colcon.colcon_core.package_identification:_identify(UniversalRobots/UR3) by extension 'python_setup_py'
[0.639s] Level 1:colcon.colcon_core.package_identification:_identify(UniversalRobots/UR3/ur3_ros2_gazebo) by extensions ['ignore', 'ignore_ament_install']
[0.639s] Level 1:colcon.colcon_core.package_identification:_identify(UniversalRobots/UR3/ur3_ros2_gazebo) by extension 'ignore'
[0.639s] Level 1:colcon.colcon_core.package_identification:_identify(UniversalRobots/UR3/ur3_ros2_gazebo) by extension 'ignore_ament_install'
[0.639s] Level 1:colcon.colcon_core.package_identification:_identify(UniversalRobots/UR3/ur3_ros2_gazebo) by extensions ['colcon_pkg']
[0.639s] Level 1:colcon.colcon_core.package_identification:_identify(UniversalRobots/UR3/ur3_ros2_gazebo) by extension 'colcon_pkg'
[0.639s] Level 1:colcon.colcon_core.package_identification:_identify(UniversalRobots/UR3/ur3_ros2_gazebo) by extensions ['colcon_meta']
[0.639s] Level 1:colcon.colcon_core.package_identification:_identify(UniversalRobots/UR3/ur3_ros2_gazebo) by extension 'colcon_meta'
[0.639s] Level 1:colcon.colcon_core.package_identification:_identify(UniversalRobots/UR3/ur3_ros2_gazebo) by extensions ['ros']
[0.639s] Level 1:colcon.colcon_core.package_identification:_identify(UniversalRobots/UR3/ur3_ros2_gazebo) by extension 'ros'
[0.640s] DEBUG:colcon.colcon_core.package_identification:Package 'UniversalRobots/UR3/ur3_ros2_gazebo' with type 'ros.ament_cmake' and name 'ur3_ros2_gazebo'
[0.640s] Level 1:colcon.colcon_core.package_identification:_identify(UniversalRobots/UR3/ur3_ros2_moveit2) by extensions ['ignore', 'ignore_ament_install']
[0.640s] Level 1:colcon.colcon_core.package_identification:_identify(UniversalRobots/UR3/ur3_ros2_moveit2) by extension 'ignore'
[0.640s] Level 1:colcon.colcon_core.package_identification:_identify(UniversalRobots/UR3/ur3_ros2_moveit2) by extension 'ignore_ament_install'
[0.640s] Level 1:colcon.colcon_core.package_identification:_identify(UniversalRobots/UR3/ur3_ros2_moveit2) by extensions ['colcon_pkg']
[0.640s] Level 1:colcon.colcon_core.package_identification:_identify(UniversalRobots/UR3/ur3_ros2_moveit2) by extension 'colcon_pkg'
[0.640s] Level 1:colcon.colcon_core.package_identification:_identify(UniversalRobots/UR3/ur3_ros2_moveit2) by extensions ['colcon_meta']
[0.641s] Level 1:colcon.colcon_core.package_identification:_identify(UniversalRobots/UR3/ur3_ros2_moveit2) by extension 'colcon_meta'
[0.641s] Level 1:colcon.colcon_core.package_identification:_identify(UniversalRobots/UR3/ur3_ros2_moveit2) by extensions ['ros']
[0.641s] Level 1:colcon.colcon_core.package_identification:_identify(UniversalRobots/UR3/ur3_ros2_moveit2) by extension 'ros'
[0.641s] DEBUG:colcon.colcon_core.package_identification:Package 'UniversalRobots/UR3/ur3_ros2_moveit2' with type 'ros.ament_cmake' and name 'ur3_ros2_moveit2'
[0.641s] Level 1:colcon.colcon_core.package_identification:_identify(UniversalRobots/UR5) by extensions ['ignore', 'ignore_ament_install']
[0.641s] Level 1:colcon.colcon_core.package_identification:_identify(UniversalRobots/UR5) by extension 'ignore'
[0.642s] Level 1:colcon.colcon_core.package_identification:_identify(UniversalRobots/UR5) by extension 'ignore_ament_install'
[0.642s] Level 1:colcon.colcon_core.package_identification:_identify(UniversalRobots/UR5) by extensions ['colcon_pkg']
[0.642s] Level 1:colcon.colcon_core.package_identification:_identify(UniversalRobots/UR5) by extension 'colcon_pkg'
[0.642s] Level 1:colcon.colcon_core.package_identification:_identify(UniversalRobots/UR5) by extensions ['colcon_meta']
[0.642s] Level 1:colcon.colcon_core.package_identification:_identify(UniversalRobots/UR5) by extension 'colcon_meta'
[0.642s] Level 1:colcon.colcon_core.package_identification:_identify(UniversalRobots/UR5) by extensions ['ros']
[0.642s] Level 1:colcon.colcon_core.package_identification:_identify(UniversalRobots/UR5) by extension 'ros'
[0.642s] Level 1:colcon.colcon_core.package_identification:_identify(UniversalRobots/UR5) by extensions ['cmake', 'python']
[0.642s] Level 1:colcon.colcon_core.package_identification:_identify(UniversalRobots/UR5) by extension 'cmake'
[0.642s] Level 1:colcon.colcon_core.package_identification:_identify(UniversalRobots/UR5) by extension 'python'
[0.642s] Level 1:colcon.colcon_core.package_identification:_identify(UniversalRobots/UR5) by extensions ['python_setup_py']
[0.642s] Level 1:colcon.colcon_core.package_identification:_identify(UniversalRobots/UR5) by extension 'python_setup_py'
[0.642s] Level 1:colcon.colcon_core.package_identification:_identify(UniversalRobots/UR5/ur5_ros2_gazebo) by extensions ['ignore', 'ignore_ament_install']
[0.642s] Level 1:colcon.colcon_core.package_identification:_identify(UniversalRobots/UR5/ur5_ros2_gazebo) by extension 'ignore'
[0.642s] Level 1:colcon.colcon_core.package_identification:_identify(UniversalRobots/UR5/ur5_ros2_gazebo) by extension 'ignore_ament_install'
[0.642s] Level 1:colcon.colcon_core.package_identification:_identify(UniversalRobots/UR5/ur5_ros2_gazebo) by extensions ['colcon_pkg']
[0.642s] Level 1:colcon.colcon_core.package_identification:_identify(UniversalRobots/UR5/ur5_ros2_gazebo) by extension 'colcon_pkg'
[0.643s] Level 1:colcon.colcon_core.package_identification:_identify(UniversalRobots/UR5/ur5_ros2_gazebo) by extensions ['colcon_meta']
[0.643s] Level 1:colcon.colcon_core.package_identification:_identify(UniversalRobots/UR5/ur5_ros2_gazebo) by extension 'colcon_meta'
[0.643s] Level 1:colcon.colcon_core.package_identification:_identify(UniversalRobots/UR5/ur5_ros2_gazebo) by extensions ['ros']
[0.643s] Level 1:colcon.colcon_core.package_identification:_identify(UniversalRobots/UR5/ur5_ros2_gazebo) by extension 'ros'
[0.643s] DEBUG:colcon.colcon_core.package_identification:Package 'UniversalRobots/UR5/ur5_ros2_gazebo' with type 'ros.ament_cmake' and name 'ur5_ros2_gazebo'
[0.643s] Level 1:colcon.colcon_core.package_identification:_identify(UniversalRobots/UR5/ur5_ros2_moveit2) by extensions ['ignore', 'ignore_ament_install']
[0.643s] Level 1:colcon.colcon_core.package_identification:_identify(UniversalRobots/UR5/ur5_ros2_moveit2) by extension 'ignore'
[0.644s] Level 1:colcon.colcon_core.package_identification:_identify(UniversalRobots/UR5/ur5_ros2_moveit2) by extension 'ignore_ament_install'
[0.644s] Level 1:colcon.colcon_core.package_identification:_identify(UniversalRobots/UR5/ur5_ros2_moveit2) by extensions ['colcon_pkg']
[0.644s] Level 1:colcon.colcon_core.package_identification:_identify(UniversalRobots/UR5/ur5_ros2_moveit2) by extension 'colcon_pkg'
[0.644s] Level 1:colcon.colcon_core.package_identification:_identify(UniversalRobots/UR5/ur5_ros2_moveit2) by extensions ['colcon_meta']
[0.644s] Level 1:colcon.colcon_core.package_identification:_identify(UniversalRobots/UR5/ur5_ros2_moveit2) by extension 'colcon_meta'
[0.644s] Level 1:colcon.colcon_core.package_identification:_identify(UniversalRobots/UR5/ur5_ros2_moveit2) by extensions ['ros']
[0.644s] Level 1:colcon.colcon_core.package_identification:_identify(UniversalRobots/UR5/ur5_ros2_moveit2) by extension 'ros'
[0.644s] DEBUG:colcon.colcon_core.package_identification:Package 'UniversalRobots/UR5/ur5_ros2_moveit2' with type 'ros.ament_cmake' and name 'ur5_ros2_moveit2'
[0.645s] Level 1:colcon.colcon_core.package_identification:_identify(build) by extensions ['ignore', 'ignore_ament_install']
[0.645s] Level 1:colcon.colcon_core.package_identification:_identify(build) by extension 'ignore'
[0.645s] Level 1:colcon.colcon_core.package_identification:_identify(build) ignored
[0.645s] Level 1:colcon.colcon_core.package_identification:_identify(install) by extensions ['ignore', 'ignore_ament_install']
[0.645s] Level 1:colcon.colcon_core.package_identification:_identify(install) by extension 'ignore'
[0.645s] Level 1:colcon.colcon_core.package_identification:_identify(install) ignored
[0.645s] Level 1:colcon.colcon_core.package_identification:_identify(log) by extensions ['ignore', 'ignore_ament_install']
[0.645s] Level 1:colcon.colcon_core.package_identification:_identify(log) by extension 'ignore'
[0.645s] Level 1:colcon.colcon_core.package_identification:_identify(log) ignored
[0.645s] Level 1:colcon.colcon_core.package_discovery:discover_packages(recursive) using defaults
[0.645s] Level 1:colcon.colcon_core.package_discovery:discover_packages(ignore) discover
[0.645s] Level 1:colcon.colcon_core.package_discovery:discover_packages(ignore) using defaults
[0.645s] Level 1:colcon.colcon_core.package_discovery:discover_packages(path) discover
[0.645s] Level 1:colcon.colcon_core.package_discovery:discover_packages(path) using defaults
[0.690s] INFO:colcon.colcon_core.package_selection:Skipping not selected package 'cyton_gamma_300_controllers' in 'Cyton/cyton_gamma_300_controllers'
[0.690s] INFO:colcon.colcon_core.package_selection:Skipping not selected package 'dynamixel_workbench_msgs' in 'Cyton/dynamixel_controller/dynamixel-workbench-msgs/dynamixel_workbench_msgs'
[0.691s] INFO:colcon.colcon_core.package_selection:Skipping not selected package 'dynamixel_workbench_toolbox' in 'Cyton/dynamixel_controller/dynamixel-workbench/dynamixel_workbench_toolbox'
[0.691s] INFO:colcon.colcon_core.package_selection:Skipping not selected package 'panda_ros2_gazebo' in 'PandaRobot/panda_ros2_gazebo'
[0.691s] INFO:colcon.colcon_core.package_selection:Skipping not selected package 'panda_ros2_moveit2' in 'PandaRobot/panda_ros2_moveit2'
[0.691s] INFO:colcon.colcon_core.package_selection:Skipping not selected package 'ur10_ros2_gazebo' in 'UniversalRobots/UR10/ur10_ros2_gazebo'
[0.691s] INFO:colcon.colcon_core.package_selection:Skipping not selected package 'ur10_ros2_moveit2' in 'UniversalRobots/UR10/ur10_ros2_moveit2'
[0.691s] INFO:colcon.colcon_core.package_selection:Skipping not selected package 'ur3_ros2_gazebo' in 'UniversalRobots/UR3/ur3_ros2_gazebo'
[0.691s] INFO:colcon.colcon_core.package_selection:Skipping not selected package 'ur3_ros2_moveit2' in 'UniversalRobots/UR3/ur3_ros2_moveit2'
[0.691s] INFO:colcon.colcon_core.package_selection:Skipping not selected package 'ur5_ros2_gazebo' in 'UniversalRobots/UR5/ur5_ros2_gazebo'
[0.691s] INFO:colcon.colcon_core.package_selection:Skipping not selected package 'ur5_ros2_moveit2' in 'UniversalRobots/UR5/ur5_ros2_moveit2'
[0.691s] INFO:colcon.colcon_core.package_selection:Skipping not selected package 'dynamixel_hardware' in 'Cyton/dynamixel_controller/dynamixel_hardware'
[0.691s] INFO:colcon.colcon_core.package_selection:Skipping not selected package 'dynamixel_workbench' in 'Cyton/dynamixel_controller/dynamixel-workbench/dynamixel_workbench'
[0.692s] Level 5:colcon.colcon_core.verb:set package 'cyton_ros2_gazebo' build argument 'cmake_args' from command line to 'None'
[0.692s] Level 5:colcon.colcon_core.verb:set package 'cyton_ros2_gazebo' build argument 'cmake_target' from command line to 'None'
[0.692s] Level 5:colcon.colcon_core.verb:set package 'cyton_ros2_gazebo' build argument 'cmake_target_skip_unavailable' from command line to 'False'
[0.692s] Level 5:colcon.colcon_core.verb:set package 'cyton_ros2_gazebo' build argument 'cmake_clean_cache' from command line to 'False'
[0.692s] Level 5:colcon.colcon_core.verb:set package 'cyton_ros2_gazebo' build argument 'cmake_clean_first' from command line to 'False'
[0.692s] Level 5:colcon.colcon_core.verb:set package 'cyton_ros2_gazebo' build argument 'cmake_force_configure' from command line to 'False'
[0.692s] Level 5:colcon.colcon_core.verb:set package 'cyton_ros2_gazebo' build argument 'ament_cmake_args' from command line to 'None'
[0.692s] Level 5:colcon.colcon_core.verb:set package 'cyton_ros2_gazebo' build argument 'catkin_cmake_args' from command line to 'None'
[0.692s] Level 5:colcon.colcon_core.verb:set package 'cyton_ros2_gazebo' build argument 'catkin_skip_building_tests' from command line to 'False'
[0.692s] DEBUG:colcon.colcon_core.verb:Building package 'cyton_ros2_gazebo' with the following arguments: {'ament_cmake_args': None, 'build_base': '/source_code/src/ros2_RobotSimulation/build/cyton_ros2_gazebo', 'catkin_cmake_args': None, 'catkin_skip_building_tests': False, 'cmake_args': None, 'cmake_clean_cache': False, 'cmake_clean_first': False, 'cmake_force_configure': False, 'cmake_target': None, 'cmake_target_skip_unavailable': False, 'install_base': '/source_code/src/ros2_RobotSimulation/install/cyton_ros2_gazebo', 'merge_install': False, 'path': '/source_code/src/ros2_RobotSimulation/Cyton/cyton_ros2_gazebo', 'symlink_install': False, 'test_result_base': None}
[0.693s] INFO:colcon.colcon_core.executor:Executing jobs using 'parallel' executor
[0.696s] DEBUG:colcon.colcon_parallel_executor.executor.parallel:run_until_complete
[0.696s] INFO:colcon.colcon_ros.task.ament_cmake.build:Building ROS package in '/source_code/src/ros2_RobotSimulation/Cyton/cyton_ros2_gazebo' with build type 'ament_cmake'
[0.696s] INFO:colcon.colcon_cmake.task.cmake.build:Building CMake package in '/source_code/src/ros2_RobotSimulation/Cyton/cyton_ros2_gazebo'
[0.706s] INFO:colcon.colcon_core.plugin_system:Skipping extension 'colcon_core.shell.bat': Not used on non-Windows systems
[0.707s] INFO:colcon.colcon_core.shell:Skip shell extension 'powershell' for command environment: Not usable outside of PowerShell
[0.707s] DEBUG:colcon.colcon_core.shell:Skip shell extension 'dsv' for command environment
[0.732s] DEBUG:colcon.colcon_core.event_handler.log_command:Invoking command in '/source_code/src/ros2_RobotSimulation/build/cyton_ros2_gazebo': CMAKE_PREFIX_PATH=${CMAKE_PREFIX_PATH}:/root/ws_moveit/install/moveit_configs_utils:/opt/ros/humble /usr/bin/cmake /source_code/src/ros2_RobotSimulation/Cyton/cyton_ros2_gazebo -DCMAKE_INSTALL_PREFIX=/source_code/src/ros2_RobotSimulation/install/cyton_ros2_gazebo
[2.132s] DEBUG:colcon.colcon_core.event_handler.log_command:Invoked command in '/source_code/src/ros2_RobotSimulation/build/cyton_ros2_gazebo' returned '1': CMAKE_PREFIX_PATH=${CMAKE_PREFIX_PATH}:/root/ws_moveit/install/moveit_configs_utils:/opt/ros/humble /usr/bin/cmake /source_code/src/ros2_RobotSimulation/Cyton/cyton_ros2_gazebo -DCMAKE_INSTALL_PREFIX=/source_code/src/ros2_RobotSimulation/install/cyton_ros2_gazebo
[2.150s] Level 1:colcon.colcon_core.environment:create_environment_scripts_only(cyton_ros2_gazebo)
[2.161s] Level 1:colcon.colcon_core.environment:checking '/source_code/src/ros2_RobotSimulation/install/cyton_ros2_gazebo' for CMake module files
[2.161s] Level 1:colcon.colcon_core.environment:checking '/source_code/src/ros2_RobotSimulation/install/cyton_ros2_gazebo' for CMake config files
[2.162s] Level 1:colcon.colcon_core.environment:checking '/source_code/src/ros2_RobotSimulation/install/cyton_ros2_gazebo/bin'
[2.162s] Level 1:colcon.colcon_core.environment:checking '/source_code/src/ros2_RobotSimulation/install/cyton_ros2_gazebo/lib/pkgconfig/cyton_ros2_gazebo.pc'
[2.164s] Level 1:colcon.colcon_core.environment:checking '/source_code/src/ros2_RobotSimulation/install/cyton_ros2_gazebo/lib/python3.10/site-packages'
[2.164s] Level 1:colcon.colcon_core.environment:checking '/source_code/src/ros2_RobotSimulation/install/cyton_ros2_gazebo/bin'
[2.165s] INFO:colcon.colcon_core.shell:Creating package script '/source_code/src/ros2_RobotSimulation/install/cyton_ros2_gazebo/share/cyton_ros2_gazebo/package.ps1'
[2.167s] INFO:colcon.colcon_core.shell:Creating package descriptor '/source_code/src/ros2_RobotSimulation/install/cyton_ros2_gazebo/share/cyton_ros2_gazebo/package.dsv'
[2.167s] INFO:colcon.colcon_core.shell:Creating package script '/source_code/src/ros2_RobotSimulation/install/cyton_ros2_gazebo/share/cyton_ros2_gazebo/package.sh'
[2.168s] INFO:colcon.colcon_core.shell:Creating package script '/source_code/src/ros2_RobotSimulation/install/cyton_ros2_gazebo/share/cyton_ros2_gazebo/package.bash'
[2.169s] INFO:colcon.colcon_core.shell:Creating package script '/source_code/src/ros2_RobotSimulation/install/cyton_ros2_gazebo/share/cyton_ros2_gazebo/package.zsh'
[2.171s] Level 1:colcon.colcon_core.environment:create_file_with_runtime_dependencies(/source_code/src/ros2_RobotSimulation/install/cyton_ros2_gazebo/share/colcon-core/packages/cyton_ros2_gazebo)
[2.181s] DEBUG:colcon.colcon_parallel_executor.executor.parallel:closing loop
[2.182s] DEBUG:colcon.colcon_parallel_executor.executor.parallel:loop closed
[2.182s] DEBUG:colcon.colcon_parallel_executor.executor.parallel:run_until_complete finished with '1'
[2.182s] DEBUG:colcon.colcon_core.event_reactor:joining thread
[2.195s] INFO:colcon.colcon_core.plugin_system:Skipping extension 'colcon_notification.desktop_notification.notify_send': Could not find 'notify-send'
[2.195s] INFO:colcon.colcon_core.plugin_system:Skipping extension 'colcon_notification.desktop_notification.terminal_notifier': Not used on non-Darwin systems
[2.195s] INFO:colcon.colcon_core.plugin_system:Skipping extension 'colcon_notification.desktop_notification.win32': Not used on non-Windows systems
[2.195s] INFO:colcon.colcon_notification.desktop_notification:Sending desktop notification using 'notify2'
[2.198s] DEBUG:colcon.colcon_notification.desktop_notification.notify2:Failed to initialize notify2: org.freedesktop.DBus.Error.Spawn.ExecFailed: /usr/bin/dbus-launch terminated abnormally without any error message
[2.198s] DEBUG:colcon.colcon_core.event_reactor:joined thread
[2.200s] INFO:colcon.colcon_core.shell:Creating prefix script '/source_code/src/ros2_RobotSimulation/install/local_setup.ps1'
[2.202s] INFO:colcon.colcon_core.shell:Creating prefix util module '/source_code/src/ros2_RobotSimulation/install/_local_setup_util_ps1.py'
[2.204s] INFO:colcon.colcon_core.shell:Creating prefix chain script '/source_code/src/ros2_RobotSimulation/install/setup.ps1'
[2.210s] INFO:colcon.colcon_core.shell:Creating prefix script '/source_code/src/ros2_RobotSimulation/install/local_setup.sh'
[2.211s] INFO:colcon.colcon_core.shell:Creating prefix util module '/source_code/src/ros2_RobotSimulation/install/_local_setup_util_sh.py'
[2.212s] INFO:colcon.colcon_core.shell:Creating prefix chain script '/source_code/src/ros2_RobotSimulation/install/setup.sh'
[2.217s] INFO:colcon.colcon_core.shell:Creating prefix script '/source_code/src/ros2_RobotSimulation/install/local_setup.bash'
[2.218s] INFO:colcon.colcon_core.shell:Creating prefix chain script '/source_code/src/ros2_RobotSimulation/install/setup.bash'
[2.224s] INFO:colcon.colcon_core.shell:Creating prefix script '/source_code/src/ros2_RobotSimulation/install/local_setup.zsh'
[2.225s] INFO:colcon.colcon_core.shell:Creating prefix chain script '/source_code/src/ros2_RobotSimulation/install/setup.zsh'
